2026-04-16 11:43:27 | INFO     | ============================================================
2026-04-16 11:43:27 | INFO     | NormalizationLogger initialized
2026-04-16 11:43:27 | INFO     | NORM | raw='৳100' | out='একশ টাকা' | 1.5ms
2026-04-16 11:43:27 | INFO     | ML_CALL | text='test'
2026-04-16 11:52:18 | INFO     | ============================================================
2026-04-16 11:52:18 | INFO     | NormalizationLogger initialized
2026-04-16 11:52:18 | INFO     | NORM | raw='৳100' | out='একশ টাকা' | 1.5ms
2026-04-16 11:52:18 | INFO     | ML_CALL | text='test text'
2026-04-16 11:57:37 | INFO     | ============================================================
2026-04-16 11:57:37 | INFO     | NormalizationLogger initialized
2026-04-16 11:57:37 | INFO     | NORM | raw='৳100' | out='একশ টাকা' | 1.0ms
2026-04-16 12:11:38 | INFO     | ============================================================
2026-04-16 12:11:38 | INFO     | NormalizationLogger initialized
2026-04-16 12:11:38 | INFO     | Building production TTS pipeline...
2026-04-16 12:11:42 | INFO     | TTS backend active: gTTS
2026-04-16 12:11:42 | INFO     | NORM | raw='৳৫০০.৭৫ দামের ৫kg আটা কিনলাম।' | out='পাঁচশো দশমিক সত্তর পাঁচ টাকা দামের পাঁচ কেজি আটা কিনলাম।' | 1.8ms
2026-04-16 12:11:43 | INFO     | NORM | raw='এটার দাম $৫০.২৫, যা প্রায় ৫৩০০ টাকা।' | out='এটার দাম পঞ্চাশ দশমিক বিশ পাঁচ ডলার, যা প্রায় ৫৩০০ টাকা।' | 0.6ms
2026-04-16 12:11:45 | INFO     | NORM | raw='বিকাশ (bkash) দিয়ে payment করলে ১০% discount পাবেন।' | out='বিকাশ (বিকাশ) দিয়ে পরিশোধ করলে ১০% ডিসকাউন্ট পাবেন।' | 784.3ms
2026-04-16 12:11:47 | INFO     | NORM | raw='আপনার PIN হলো ১২৩৪, এটি কাউকে বলবেন না।' | out='আপনার পিন হল ১২৩৪, এটা কাউকে বলবেন না।' | 591.1ms
2026-04-16 12:11:49 | INFO     | NORM | raw='Dr. Rahman ১০:৩০ AM এ google এ meeting করবেন।' | out='ড. রহ্-মান সকাল ১০:৩০ এ গুগলে মিটিং করবেন।' | 984.5ms
2026-04-16 12:14:04 | INFO     | ============================================================
2026-04-16 12:14:04 | INFO     | NormalizationLogger initialized
2026-04-16 12:14:04 | INFO     | Building production TTS pipeline...
2026-04-16 12:14:07 | INFO     | TTS backend active: gTTS
2026-04-16 12:14:07 | INFO     | NORM | raw='৳৫০০.৭৫ দামের ৫kg আটা কিনলাম।' | out='পাঁচশো দশমিক সত্তর পাঁচ টাকা দামের পাঁচ কেজি আটা কিনলাম।' | 2.5ms
2026-04-16 12:14:09 | INFO     | NORM | raw='এটার দাম $৫০.২৫, যা প্রায় ৫৩০০ টাকা।' | out='এটার দাম পঞ্চাশ দশমিক বিশ পাঁচ ডলার, যা প্রায় ৫৩০০ টাকা।' | 1.1ms
2026-04-16 12:14:10 | INFO     | NORM | raw='বিকাশ (bkash) দিয়ে payment করলে ১০% discount পাবেন।' | out='বিকাশ (বিকাশ) দিয়ে পরিশোধ করলে ১০% ডিসকাউন্ট পাবেন।' | 496.0ms
2026-04-16 12:14:12 | INFO     | NORM | raw='আপনার PIN হলো ১২৩৪, এটি কাউকে বলবেন না।' | out='আপনার পিন হল ১২৩৪, এটা কাউকে বলবেন না।' | 490.3ms
2026-04-16 12:14:14 | INFO     | NORM | raw='Dr. Rahman ১০:৩০ AM এ google এ meeting করবেন।' | out='ড. রহ্-মান সকাল ১০:৩০ এ গুগলে মিটিং করবেন।' | 532.2ms
2026-04-16 12:28:59 | INFO     | ============================================================
2026-04-16 12:28:59 | INFO     | NormalizationLogger initialized
2026-04-16 12:28:59 | INFO     | Building production TTS pipeline...
2026-04-16 12:29:02 | INFO     | TTS backend active: gTTS
2026-04-16 12:29:02 | INFO     | NORM | raw='৳৫০০.৭৫ দামের ৫kg আটা কিনলাম।' | out='পাঁচশো দশমিক সত্তর পাঁচ টাকা দামের পাঁচ কেজি আটা কিনলাম।' | 3.0ms
2026-04-16 12:29:03 | INFO     | NORM | raw='এটার দাম $৫০.২৫, যা প্রায় ৫৩০০ টাকা।' | out='এটার দাম পঞ্চাশ দশমিক বিশ পাঁচ ডলার, যা প্রায় ৫৩০০ টাকা।' | 2.0ms
2026-04-16 12:29:05 | INFO     | NORM | raw='বিকাশ (bkash) দিয়ে payment করলে ১০% discount পাবেন।' | out='বিকাশ (বিকাশ) দিয়ে পরিশোধ করলে দশ% ডিসকাউন্ট পাবেন।' | 619.4ms
2026-04-16 12:29:07 | INFO     | NORM | raw='আপনার PIN হলো ১২৩৪, এটি কাউকে বলবেন না।' | out='আপনার পিন হল ১২৩৪, এটা কাউকে বলবেন না।' | 510.9ms
2026-04-16 12:29:09 | INFO     | NORM | raw='Dr. Rahman ১০:৩০ AM এ google এ meeting করবেন।' | out='ডাক্তার রহ্-মান সকাল দশ:ত্রিশ এ গুগলে মিটিং করবেন।' | 563.5ms
2026-04-16 12:29:11 | INFO     | NORM | raw='গাড়িটি ১০km/h গতিতে ২১st Feb তারিখে ২১৩.৫km পাড়ি দিয়েছে।' | out='একুশ ফেব্রুয়ারি তারিখে গাড়িটি দশ কিলোমিটার প্রতি ঘন্টায় ২১৩ দশমিক পাঁচ কিলোমিটার পথ অতিক্রম করে।' | 804.2ms
2026-04-16 12:29:13 | INFO     | NORM | raw='প্রফেসর আহমেদ ঢাকা থেকে ৫th Aug তারিখে সিলেটে যাবেন।' | out='প্রফেসর আহ্-মেদ ঢা-কা থেকে ৫ই আগস্ট সিলেটে যাবেন।' | 622.4ms
2026-04-16 12:29:14 | INFO     | NORM | raw='কোম্পানিটি microsoft এর সাথে একটি বড় চুক্তি করেছে।' | out='কোম্পানিটি মাইক্রোসফ্ট এর সাথে একটি বড় চুক্তি করেছে।' | 538.2ms
2026-04-16 12:29:16 | INFO     | NORM | raw='আপনি কি কালকে ৯:০০ PM এ আসতে পারবেন?' | out='আপনি কি আগামীকাল সকাল নয়:০০ টায় আসতে পারবেন?' | 516.5ms
2026-04-16 12:29:17 | INFO     | NORM | raw='ওয়াও! ৫টা apple এর দাম মাত্র ১০০ টাকা?' | out='পাঁচ টা আপেলের দাম মাত্র একশ টাকা?' | 449.1ms
2026-04-16 12:29:20 | INFO     | NORM | raw='আমাকে ১টা পেন দাও, আমি google এ এটার দাম দেখছি।' | out='আমাকে একটা পেন দাও, আমি গুগলে এটার দাম দেখছি।' | 516.0ms
2026-04-16 12:29:21 | INFO     | NORM | raw='সাবধান! গাড়িটি খুব দ্রুত (৮০ km/h) আসছে।' | out='সাবধান! গাড়িটি খুব দ্রুত (আশি কিলোমিটার প্রতি ঘণ্টা) আসছে।' | 1.9ms
2026-04-16 12:29:22 | INFO     | NORM | raw='তার অ্যাকাউন্টে ৫,৫০,২৫,০০০ টাকা আছে।' | out='তার অ্যাকাউন্টে পাঁচ,পঞ্চাশ,পঁচিশ,০০০ টাকা আছে।' | 0.8ms
2026-04-16 12:29:23 | INFO     | NORM | raw='এই বক্সের ওজন ১২.৫kg এবং উচ্চতা ২৫cm।' | out='এই বক্সের ওজন বারো দশমিক পাঁচ কেজি এবং উচ্চতা পঁচিশ সেন্টিমিটার।' | 0.8ms
2026-04-16 12:29:24 | INFO     | NORM | raw='পৃথিবী থেকে চাঁদের দূরত্ব প্রায় ৩,৮৪,৪০৩ km।' | out='পৃথিবী থেকে চাঁদের দূরত্ব প্রায় তিন,৮৪,৪০৩ কিলোমিটার।' | 1.8ms
2026-04-16 12:29:26 | INFO     | NORM | raw='তিনি ১০.৫ কোটি টাকা দিয়ে একটি বাড়ি কিনলেন।' | out='তিনি দশ দশমিক পাঁচ কোটি টাকা দিয়ে একটি বাড়ি কিনলেন।' | 0.7ms
2026-04-16 12:29:27 | INFO     | NORM | raw='আমি ¥১০০০ এবং ₹৫০০ এক্সচেঞ্জ করলাম।' | out='আমি এক হাজার ইয়েন এবং পাঁচশো রুপি এক্সচেঞ্জ করলাম।' | 1.7ms
2026-04-16 12:29:28 | INFO     | NORM | raw='এটার ওজন মাত্র ৫০mg, সাবধানে ধরুন।' | out='এটার ওজন মাত্র পঞ্চাশ মিলিগ্রাম, সাবধানে ধরুন।' | 0.8ms
2026-04-16 12:29:29 | INFO     | NORM | raw='সেখানে ১০ metric ton চাল মজুদ আছে।' | out='সেখানে দশ মেট্রিক টন চাল আছে।' | 370.6ms
2026-04-16 12:29:30 | INFO     | NORM | raw='প্রতি লিটার দুধের দাম ৮০.৫০ টাকা।' | out='প্রতি লিটার দুধের দাম আশি দশমিক পঞ্চাশ টাকা।' | 1.8ms
2026-04-16 12:29:32 | INFO     | NORM | raw='মিটিংটি zoom এ হবে, link টি mail করে দিয়েছি।' | out='সভাটি বড় করা হবে, লিংকটি মেইল করা হয়েছে' | 577.4ms
2026-04-16 12:29:34 | INFO     | NORM | raw='এটার performance খুব ভালো, ssd লাগানো আছে।' | out='এর কর্মক্ষমতা খুব ভাল, এস.এস.ডি. লাগানো আছে' | 732.0ms
2026-04-16 12:29:36 | INFO     | NORM | raw='আপনার order টি ship করা হয়েছে, কালকে (Thursday) পাবেন।' | out='আপনার অর্ডার পাঠানো হয়েছে, কাল (শুক্রবার) পাবেন' | 577.5ms
2026-04-16 12:29:38 | INFO     | NORM | raw='আমি flutter দিয়ে app বানাচ্ছি, এটি অনেক fast।' | out='আমি ফ্লাটার দিয়ে অ্যাপ্লিকেশন তৈরি করি, এটি অনেক দ্রুত' | 542.9ms
2026-04-16 12:29:39 | INFO     | NORM | raw='আমাদের স্কুলের ১০০th anniversary পালন করা হলো।' | out='আমাদের স্কুলের ১০০তম বার্ষিকী পালিত হল' | 435.6ms
2026-04-16 12:29:41 | INFO     | NORM | raw='সে ৩rd floor এ থাকে, ১০th room টা তার।' | out='সে ৩য় তলায় থাকে, ১০ম রুম তার' | 515.1ms
2026-04-16 12:29:42 | INFO     | NORM | raw='আগামী ১২-০৮-২০২৫ তারিখে আমাদের reunion আছে।' | out='আগামী বারো-০৮-২০২৫ তারিখে আমাদের পুনর্মিলন হবে।' | 552.8ms
2026-04-16 12:29:44 | INFO     | NORM | raw='আজকের দিনটি (Saturday) খুব সুন্দর।' | out='আজকের দিনটা (শনিবার) খুব সুন্দর।' | 673.6ms
2026-04-16 12:29:45 | INFO     | NORM | raw='Samsung কোম্পানিটি দক্ষিণ কোরিয়ার।' | out='স্যামসাং কোম্পানি দক্ষিণ কোরিয়া' | 287.8ms
2026-04-16 12:29:47 | INFO     | NORM | raw='তিনি UNESCO এর সাথে কাজ করেন।' | out='তিনি ইউনেস্কোর সাথে কাজ করেন।' | 358.4ms
2026-04-16 12:29:47 | INFO     | NORM | raw='ঢাকা থেকে চট্টগ্রাম যেতে ৫ ঘণ্টা সময় লাগে।' | out='ঢা-কা থেকে চট্-টো-গ্রাম যেতে পাঁচ ঘণ্টা সময় লাগে।' | 1.8ms
2026-04-16 12:29:49 | INFO     | NORM | raw='আমি iPhone ১৩ pro ব্যবহার করি।' | out='আমি আইফোন তেরো ব্যবহার করি।' | 367.3ms
2026-04-16 12:30:41 | INFO     | ============================================================
2026-04-16 12:30:41 | INFO     | NormalizationLogger initialized
2026-04-16 12:30:41 | INFO     | Building production TTS pipeline...
2026-04-16 12:30:44 | INFO     | TTS backend active: gTTS
2026-04-16 12:30:44 | INFO     | NORM | raw='৳৫০০.৭৫ দামের ৫kg আটা কিনলাম।' | out='পাঁচশো দশমিক সত্তর পাঁচ টাকা দামের পাঁচ কেজি আটা কিনলাম।' | 2.7ms
2026-04-16 12:30:45 | INFO     | NORM | raw='এটার দাম $৫০.২৫, যা প্রায় ৫৩০০ টাকা।' | out='এটার দাম পঞ্চাশ দশমিক বিশ পাঁচ ডলার, যা প্রায় ৫৩০০ টাকা।' | 1.1ms
2026-04-16 12:30:46 | INFO     | NORM | raw='বিকাশ (bkash) দিয়ে payment করলে ১০% discount পাবেন।' | out='বিকাশ (বিকাশ) দিয়ে পরিশোধ করলে দশ% ডিসকাউন্ট পাবেন।' | 613.2ms
2026-04-16 12:30:48 | INFO     | NORM | raw='আপনার PIN হলো ১২৩৪, এটি কাউকে বলবেন না।' | out='আপনার পিন হল ১২৩৪, এটা কাউকে বলবেন না।' | 577.1ms
2026-04-16 12:30:50 | INFO     | NORM | raw='Dr. Rahman ১০:৩০ AM এ google এ meeting করবেন।' | out='ডাক্তার রহ্-মান সকাল সাড়ে দশটায় গুগল এ মিটিং করবেন।' | 548.4ms
2026-04-16 12:30:52 | INFO     | NORM | raw='গাড়িটি ১০km/h গতিতে ২১st Feb তারিখে ২১৩.৫km পাড়ি দিয়েছে।' | out='একুশ ফেব্রুয়ারি তারিখে গাড়িটি দশ কিলোমিটার প্রতি ঘন্টায় ২১৩ দশমিক পাঁচ কিলোমিটার পথ অতিক্রম করে।' | 823.3ms
2026-04-16 12:30:54 | INFO     | NORM | raw='প্রফেসর আহমেদ ঢাকা থেকে ৫th Aug তারিখে সিলেটে যাবেন।' | out='প্রফেসর আহ্-মেদ ঢা-কা থেকে ৫ই আগস্ট সিলেটে যাবেন।' | 557.6ms
2026-04-16 12:30:55 | INFO     | NORM | raw='কোম্পানিটি microsoft এর সাথে একটি বড় চুক্তি করেছে।' | out='কোম্পানিটি মাইক্রোসফ্ট এর সাথে একটি বড় চুক্তি করেছে।' | 573.2ms
2026-04-16 12:30:57 | INFO     | NORM | raw='আপনি কি কালকে ৯:০০ PM এ আসতে পারবেন?' | out='আপনি কি কালকে রাত নয়টা এ আসতে পারবেন?' | 1.7ms
2026-04-16 12:30:59 | INFO     | NORM | raw='ওয়াও! ৫টা apple এর দাম মাত্র ১০০ টাকা?' | out='পাঁচ টা আপেলের দাম মাত্র একশ টাকা?' | 478.0ms
2026-04-16 12:31:00 | INFO     | NORM | raw='আমাকে ১টা পেন দাও, আমি google এ এটার দাম দেখছি।' | out='আমাকে একটা পেন দাও, আমি গুগলে এটার দাম দেখছি।' | 588.8ms
2026-04-16 12:31:02 | INFO     | NORM | raw='সাবধান! গাড়িটি খুব দ্রুত (৮০ km/h) আসছে।' | out='সাবধান! গাড়িটি খুব দ্রুত (আশি কিলোমিটার প্রতি ঘণ্টা) আসছে।' | 1.9ms
2026-04-16 12:31:03 | INFO     | NORM | raw='তার অ্যাকাউন্টে ৫,৫০,২৫,০০০ টাকা আছে।' | out='তার অ্যাকাউন্টে পাঁচ,পঞ্চাশ,পঁচিশ,০০০ টাকা আছে।' | 1.0ms
2026-04-16 12:31:05 | INFO     | NORM | raw='এই বক্সের ওজন ১২.৫kg এবং উচ্চতা ২৫cm।' | out='এই বক্সের ওজন বারো দশমিক পাঁচ কেজি এবং উচ্চতা পঁচিশ সেন্টিমিটার।' | 2.0ms
2026-04-16 12:31:07 | INFO     | NORM | raw='পৃথিবী থেকে চাঁদের দূরত্ব প্রায় ৩,৮৪,৪০৩ km।' | out='পৃথিবী থেকে চাঁদের দূরত্ব প্রায় তিন,৮৪,৪০৩ কিলোমিটার।' | 1.9ms
2026-04-16 12:31:08 | INFO     | NORM | raw='তিনি ১০.৫ কোটি টাকা দিয়ে একটি বাড়ি কিনলেন।' | out='তিনি দশ দশমিক পাঁচ কোটি টাকা দিয়ে একটি বাড়ি কিনলেন।' | 1.7ms
2026-04-16 12:31:09 | INFO     | NORM | raw='আমি ¥১০০০ এবং ₹৫০০ এক্সচেঞ্জ করলাম।' | out='আমি এক হাজার ইয়েন এবং পাঁচশো রুপি এক্সচেঞ্জ করলাম।' | 1.7ms
2026-04-16 12:31:10 | INFO     | NORM | raw='এটার ওজন মাত্র ৫০mg, সাবধানে ধরুন।' | out='এটার ওজন মাত্র পঞ্চাশ মিলিগ্রাম, সাবধানে ধরুন।' | 1.0ms
2026-04-16 12:31:12 | INFO     | NORM | raw='সেখানে ১০ metric ton চাল মজুদ আছে।' | out='সেখানে দশ মেট্রিক টন চাল আছে।' | 446.4ms
2026-04-16 12:31:13 | INFO     | NORM | raw='প্রতি লিটার দুধের দাম ৮০.৫০ টাকা।' | out='প্রতি লিটার দুধের দাম আশি দশমিক পঞ্চাশ টাকা।' | 2.6ms
2026-04-16 12:31:14 | INFO     | NORM | raw='মিটিংটি zoom এ হবে, link টি mail করে দিয়েছি।' | out='সভাটি বড় করা হবে, লিংকটি মেইল করা হয়েছে' | 578.6ms
2026-04-16 12:31:16 | INFO     | NORM | raw='এটার performance খুব ভালো, ssd লাগানো আছে।' | out='এর কর্মক্ষমতা খুব ভাল, এস.এস.ডি. লাগানো আছে' | 655.1ms
2026-04-16 12:31:18 | INFO     | NORM | raw='আপনার order টি ship করা হয়েছে, কালকে (Thursday) পাবেন।' | out='আপনার অর্ডার পাঠানো হয়েছে, কাল (শুক্রবার) পাবেন' | 656.4ms
2026-04-16 12:31:19 | INFO     | NORM | raw='আমি flutter দিয়ে app বানাচ্ছি, এটি অনেক fast।' | out='আমি ফ্লাটার দিয়ে অ্যাপ্লিকেশন তৈরি করি, এটি অনেক দ্রুত' | 524.0ms
2026-04-16 12:31:21 | INFO     | NORM | raw='আমাদের স্কুলের ১০০th anniversary পালন করা হলো।' | out='আমাদের স্কুলের ১০০তম বার্ষিকী পালিত হল' | 406.1ms
2026-04-16 12:31:22 | INFO     | NORM | raw='সে ৩rd floor এ থাকে, ১০th room টা তার।' | out='সে ৩য় তলায় থাকে, ১০ম রুম তার' | 422.8ms
2026-04-16 12:31:24 | INFO     | NORM | raw='আগামী ১২-০৮-২০২৫ তারিখে আমাদের reunion আছে।' | out='আগামী বারো-০৮-২০২৫ তারিখে আমাদের পুনর্মিলন হবে।' | 584.8ms
2026-04-16 12:31:26 | INFO     | NORM | raw='আজকের দিনটি (Saturday) খুব সুন্দর।' | out='আজকের দিনটা (শনিবার) খুব সুন্দর।' | 459.1ms
2026-04-16 12:31:28 | INFO     | NORM | raw='Samsung কোম্পানিটি দক্ষিণ কোরিয়ার।' | out='স্যামসাং কোম্পানি দক্ষিণ কোরিয়া' | 307.1ms
2026-04-16 12:31:29 | INFO     | NORM | raw='তিনি UNESCO এর সাথে কাজ করেন।' | out='তিনি ইউনেস্কোর সাথে কাজ করেন।' | 433.0ms
2026-04-16 12:31:30 | INFO     | NORM | raw='ঢাকা থেকে চট্টগ্রাম যেতে ৫ ঘণ্টা সময় লাগে।' | out='ঢা-কা থেকে চট্-টো-গ্রাম যেতে পাঁচ ঘণ্টা সময় লাগে।' | 1.7ms
2026-04-16 12:31:32 | INFO     | NORM | raw='আমি iPhone ১৩ pro ব্যবহার করি।' | out='আমি আইফোন তেরো ব্যবহার করি।' | 378.4ms
2026-04-16 12:36:07 | INFO     | ============================================================
2026-04-16 12:36:07 | INFO     | NormalizationLogger initialized
2026-04-16 12:36:07 | INFO     | Building production TTS pipeline...
2026-04-16 12:36:11 | INFO     | TTS backend active: gTTS
2026-04-16 12:36:11 | INFO     | NORM | raw='৳৫০০.৭৫ দামের ৫kg আটা কিনলাম।' | out='পাঁচশো দশমিক সত্তর পাঁচ টাকা দামের পাঁচ কেজি আটা কিনলাম।' | 3.0ms
2026-04-16 12:36:12 | INFO     | NORM | raw='এটার দাম $৫০.২৫, যা প্রায় ৫৩০০ টাকা।' | out='এটার দাম পঞ্চাশ দশমিক বিশ পাঁচ ডলার, যা প্রায় ৫৩০০ টাকা।' | 2.0ms
2026-04-16 12:36:13 | INFO     | NORM | raw='বিকাশ (bkash) দিয়ে payment করলে ১০% discount পাবেন।' | out='বিকাশ (বিকাশ) দিয়ে পরিশোধ করলে দশ% ডিসকাউন্ট পাবেন।' | 513.5ms
2026-04-16 12:36:15 | INFO     | NORM | raw='আপনার PIN হলো ১২৩৪, এটি কাউকে বলবেন না।' | out='আপনার পিন হল ১২৩৪, এটা কাউকে বলবেন না।' | 454.8ms
2026-04-16 12:36:16 | INFO     | NORM | raw='Dr. Rahman ১০:৩০ AM এ google এ meeting করবেন।' | out='ডাক্তার রহ্-মান সকাল সাড়ে দশটায় গুগল এ মিটিং করবেন।' | 439.9ms
2026-04-16 12:36:19 | INFO     | NORM | raw='গাড়িটি ১০km/h গতিতে ২১st Feb তারিখে ২১৩.৫km পাড়ি দিয়েছে।' | out='একুশ ফেব্রুয়ারি তারিখে গাড়িটি দশ কিলোমিটার প্রতি ঘন্টায় ২১৩ দশমিক পাঁচ কিলোমিটার পথ অতিক্রম করে।' | 777.0ms
2026-04-16 12:36:20 | INFO     | NORM | raw='প্রফেসর আহমেদ ঢাকা থেকে ৫th Aug তারিখে সিলেটে যাবেন।' | out='প্রফেসর আহ্-মেদ ঢা-কা থেকে ৫ই আগস্ট সিলেটে যাবেন।' | 404.3ms
2026-04-16 12:36:22 | INFO     | NORM | raw='কোম্পানিটি microsoft এর সাথে একটি বড় চুক্তি করেছে।' | out='কোম্পানিটি মাইক্রোসফ্ট এর সাথে একটি বড় চুক্তি করেছে।' | 468.7ms
2026-04-16 12:36:23 | INFO     | NORM | raw='আপনি কি কালকে ৯:০০ PM এ আসতে পারবেন?' | out='আপনি কি কালকে রাত নয়টা এ আসতে পারবেন?' | 1.7ms
2026-04-16 12:36:24 | INFO     | NORM | raw='ওয়াও! ৫টা apple এর দাম মাত্র ১০০ টাকা?' | out='পাঁচ টা আপেলের দাম মাত্র একশ টাকা?' | 477.0ms
2026-04-16 12:36:26 | INFO     | NORM | raw='আমাকে ১টা পেন দাও, আমি google এ এটার দাম দেখছি।' | out='আমাকে একটা পেন দাও, আমি গুগলে এটার দাম দেখছি।' | 474.0ms
2026-04-16 12:36:27 | INFO     | NORM | raw='সাবধান! গাড়িটি খুব দ্রুত (৮০ km/h) আসছে।' | out='সাবধান! গাড়িটি খুব দ্রুত (আশি কিলোমিটার প্রতি ঘণ্টা) আসছে।' | 1.8ms
2026-04-16 12:36:28 | INFO     | NORM | raw='তার অ্যাকাউন্টে ৫,৫০,২৫,০০০ টাকা আছে।' | out='তার অ্যাকাউন্টে পাঁচ,পঞ্চাশ,পঁচিশ,০০০ টাকা আছে।' | 1.8ms
2026-04-16 12:36:29 | INFO     | NORM | raw='এই বক্সের ওজন ১২.৫kg এবং উচ্চতা ২৫cm।' | out='এই বক্সের ওজন বারো দশমিক পাঁচ কেজি এবং উচ্চতা পঁচিশ সেন্টিমিটার।' | 1.9ms
2026-04-16 12:36:30 | INFO     | NORM | raw='পৃথিবী থেকে চাঁদের দূরত্ব প্রায় ৩,৮৪,৪০৩ km।' | out='পৃথিবী থেকে চাঁদের দূরত্ব প্রায় তিন,৮৪,৪০৩ কিলোমিটার।' | 1.9ms
2026-04-16 12:36:32 | INFO     | NORM | raw='তিনি ১০.৫ কোটি টাকা দিয়ে একটি বাড়ি কিনলেন।' | out='তিনি দশ দশমিক পাঁচ কোটি টাকা দিয়ে একটি বাড়ি কিনলেন।' | 1.8ms
2026-04-16 12:36:33 | INFO     | NORM | raw='আমি ¥১০০০ এবং ₹৫০০ এক্সচেঞ্জ করলাম।' | out='আমি এক হাজার ইয়েন এবং পাঁচশো রুপি এক্সচেঞ্জ করলাম।' | 1.8ms
2026-04-16 12:36:34 | INFO     | NORM | raw='এটার ওজন মাত্র ৫০mg, সাবধানে ধরুন।' | out='এটার ওজন মাত্র পঞ্চাশ মিলিগ্রাম, সাবধানে ধরুন।' | 1.8ms
2026-04-16 12:36:35 | INFO     | NORM | raw='সেখানে ১০ metric ton চাল মজুদ আছে।' | out='সেখানে দশ মেট্রিক টন চাল আছে।' | 313.8ms
2026-04-16 12:36:36 | INFO     | NORM | raw='প্রতি লিটার দুধের দাম ৮০.৫০ টাকা।' | out='প্রতি লিটার দুধের দাম আশি দশমিক পঞ্চাশ টাকা।' | 1.9ms
2026-04-16 12:36:38 | INFO     | NORM | raw='মিটিংটি zoom এ হবে, link টি mail করে দিয়েছি।' | out='সভাটি বড় করা হবে, লিংকটি মেইল করা হয়েছে' | 441.5ms
2026-04-16 12:36:40 | INFO     | NORM | raw='এটার performance খুব ভালো, ssd লাগানো আছে।' | out='এর কর্মক্ষমতা খুব ভাল, এস.এস.ডি. লাগানো আছে' | 576.3ms
2026-04-16 12:36:42 | INFO     | NORM | raw='আপনার order টি ship করা হয়েছে, কালকে (Thursday) পাবেন।' | out='আপনার অর্ডার পাঠানো হয়েছে, কাল (শুক্রবার) পাবেন' | 693.7ms
2026-04-16 12:36:43 | INFO     | NORM | raw='আমি flutter দিয়ে app বানাচ্ছি, এটি অনেক fast।' | out='আমি ফ্লাটার দিয়ে অ্যাপ্লিকেশন তৈরি করি, এটি অনেক দ্রুত' | 532.6ms
2026-04-16 12:36:45 | INFO     | NORM | raw='আমাদের স্কুলের ১০০th anniversary পালন করা হলো।' | out='আমাদের স্কুলের ১০০তম বার্ষিকী পালিত হল' | 391.2ms
2026-04-16 12:36:46 | INFO     | NORM | raw='সে ৩rd floor এ থাকে, ১০th room টা তার।' | out='সে ৩য় তলায় থাকে, ১০ম রুম তার' | 566.2ms
2026-04-16 12:36:48 | INFO     | NORM | raw='আগামী ১২-০৮-২০২৫ তারিখে আমাদের reunion আছে।' | out='আগামী বারো-০৮-২০২৫ তারিখে আমাদের পুনর্মিলন হবে।' | 712.1ms
2026-04-16 12:36:49 | INFO     | NORM | raw='আজকের দিনটি (Saturday) খুব সুন্দর।' | out='আজকের দিনটা (শনিবার) খুব সুন্দর।' | 597.3ms
2026-04-16 12:36:51 | INFO     | NORM | raw='Samsung কোম্পানিটি দক্ষিণ কোরিয়ার।' | out='স্যামসাং কোম্পানি দক্ষিণ কোরিয়া' | 285.6ms
2026-04-16 12:36:52 | INFO     | NORM | raw='তিনি UNESCO এর সাথে কাজ করেন।' | out='তিনি ইউনেস্কোর সাথে কাজ করেন।' | 384.8ms
2026-04-16 12:36:53 | INFO     | NORM | raw='ঢাকা থেকে চট্টগ্রাম যেতে ৫ ঘণ্টা সময় লাগে।' | out='ঢা-কা থেকে চট্-টো-গ্রাম যেতে পাঁচ ঘণ্টা সময় লাগে।' | 0.8ms
2026-04-16 12:36:55 | INFO     | NORM | raw='আমি iPhone ১৩ pro ব্যবহার করি।' | out='আমি আইফোন তেরো ব্যবহার করি।' | 352.7ms
