--- Bangla TTS Normalization Comparison ---
[1] Processing: 5kg চাল
    Normalized: পাঁচ কেজি চাল
    Generating 'Before' audio...
    Generating 'After' audio...
------------------------------
[2] Processing: 12 Aug 2024
    Normalized: বারো আগস্ট ২০২৪
    Generating 'Before' audio...
    Generating 'After' audio...
------------------------------
[3] Processing: Dr. Rahman
    Normalized: ডাক্তার Rahman
    Generating 'Before' audio...
    Generating 'After' audio...
------------------------------
[4] Processing: ৫kg rice from Dhaka
    Normalized: পাঁচ কেজি rice from Dhaka
    Generating 'Before' audio...
    Generating 'After' audio...
------------------------------
[5] Processing: ৫০km/h speed
    Normalized: পঞ্চাশ কিলোমিটার প্রতি ঘণ্টা speed
    Generating 'Before' audio...
    Generating 'After' audio...
------------------------------
[6] Processing: 15 Jan 2023
    Normalized: পনেরো জানুয়ারি ২০২৩
    Generating 'Before' audio...
    Generating 'After' audio...
------------------------------
[7] Processing: Mr. Karim bought 3ta apple
    Normalized: মিস্টার Karim bought ৩ta apple
    Generating 'Before' audio...
    Generating 'After' audio...
------------------------------
[8] Processing: Prof. Ahmed moved to 10km away
    Normalized: প্রফেসর Ahmed moved to দশ কিলোমিটার away
    Generating 'Before' audio...
    Generating 'After' audio...
------------------------------
[9] Processing: ৫০০০ টাকা
    Normalized: ৫০০০ টাকা
    Generating 'Before' audio...
    Generating 'After' audio...
------------------------------
[10] Processing: ১৫ই আগস্ট আমাদের জাতীয় শোক দিবস।
    Normalized: ১৫ই আগস্ট আমাদের জাতীয় শোক দিবস।
    Generating 'Before' audio...
    Generating 'After' audio...
------------------------------
All audio files generated in 'outputs/' directory.
